<?xml version="1.0" encoding="UTF-8"?>
<testng-results ignored="0" total="1" passed="1" failed="0" skipped="0">
  <reporter-output>
  </reporter-output>
  <suite started-at="2022-02-27T07:03:36 EST" name="Default suite" finished-at="2022-02-27T07:03:38 EST" duration-ms="2155">
    <groups>
    </groups>
    <test started-at="2022-02-27T07:03:36 EST" name="Default test" finished-at="2022-02-27T07:03:38 EST" duration-ms="2155">
      <class name="com.example.demo.RequirementParserTest">
        <test-method is-config="true" signature="setLaunchActivities()[pri:0, instance:com.example.demo.RequirementParserTest@4be29ed9]" started-at="2022-02-27T07:03:36 EST" name="setLaunchActivities" finished-at="2022-02-27T07:03:37 EST" duration-ms="865" status="PASS">
          <reporter-output>
          </reporter-output>
        </test-method> <!-- setLaunchActivities -->
        <test-method signature="performParallelTask()[pri:0, instance:com.example.demo.RequirementParserTest@4be29ed9]" started-at="2022-02-27T07:03:37 EST" name="performParallelTask" finished-at="2022-02-27T07:03:38 EST" duration-ms="1130" status="PASS">
          <reporter-output>
          </reporter-output>
        </test-method> <!-- performParallelTask -->
        <test-method is-config="true" signature="tearDownActivities()[pri:0, instance:com.example.demo.RequirementParserTest@4be29ed9]" started-at="2022-02-27T07:03:38 EST" name="tearDownActivities" finished-at="2022-02-27T07:03:38 EST" duration-ms="122" status="PASS">
          <reporter-output>
          </reporter-output>
        </test-method> <!-- tearDownActivities -->
      </class> <!-- com.example.demo.RequirementParserTest -->
    </test> <!-- Default test -->
  </suite> <!-- Default suite -->
</testng-results>
